<?xml version="1.0" encoding="UTF-8"?>
<!-- Generated by org.testng.reporters.JUnitXMLReporter -->
<testsuite hostname="DESKTOP-CBVHLPD" ignored="0" name="LoginTestCase" tests="2" failures="1" timestamp="30 Jul 2019 06:23:51 GMT" time="34.396" errors="0">
  <testcase name="closeBrowser" time="0.055" classname="com.diyotta.tests.LoginTest">
    <failure type="java.lang.NullPointerException">
      <![CDATA[java.lang.NullPointerException
at com.diyotta.drivers.DriverCreation.destroyDriver(DriverCreation.java:40)
at com.diyotta.tests.CommonTestMethods.closeBrowser(CommonTestMethods.java:24)
at com.diyotta.tests.LoginTest.closeBrowser(LoginTest.java:19)
... Removed 25 stack frames]]>
    </failure>
  </testcase> <!-- closeBrowser -->
  <testcase name="login" time="34.173" classname="com.diyotta.tests.LoginTest"/>
</testsuite> <!-- LoginTestCase -->
